<?xml version="1.0" encoding="UTF-8"?>
<!-- Generated by org.testng.reporters.JUnitReportReporter -->
<testsuite hostname="DESKTOP-L20G88V" failures="0" tests="1" name="Practice.Test1" time="0.011" errors="0" timestamp="2021-12-09T13:43:55 IST" skipped="0">
  <testcase classname="Practice.Test1" name="test1" time="0.011"/>
  <system-out/>
</testsuite> <!-- Practice.Test1 -->
